<?xml version="1.0" encoding="UTF-8"?>
<!-- Generated by org.testng.reporters.JUnitXMLReporter -->
<testsuite hostname="DESKTOP-97HQ61N" ignored="4" name="Test" tests="4" failures="0" timestamp="26 Aug 2018 09:42:38 GMT" time="0.14" errors="0">
  <testcase name="testCaseFour" time="0.016" classname="testGroupsRunning.TestGroup"/>
  <testcase name="testCaseThree" time="0.0" classname="testGroupsRunning.TestGroup"/>
  <testcase name="testCaseFive" time="0.0" classname="testGroupsRunning.TestGroup2"/>
  <testcase name="testCaseSix" time="0.015" classname="testGroupsRunning.TestGroup2"/>
  <testcase name="testCaseOne" time="0.0" classname="testGroupsRunning.TestGroup">
    <ignored/>
  </testcase> <!-- testCaseOne -->
  <testcase name="testCaseTwo" time="0.0" classname="testGroupsRunning.TestGroup">
    <ignored/>
  </testcase> <!-- testCaseTwo -->
  <testcase name="testCaseEight" time="0.0" classname="testGroupsRunning.TestGroup2">
    <ignored/>
  </testcase> <!-- testCaseEight -->
  <testcase name="testCaseSeven" time="0.0" classname="testGroupsRunning.TestGroup2">
    <ignored/>
  </testcase> <!-- testCaseSeven -->
</testsuite> <!-- Test -->
