<?xml version="1.0" encoding="UTF-8"?>
<testng-results skipped="0" failed="0" ignored="0" total="1" passed="1">
  <reporter-output>
  </reporter-output>
  <suite name="Default suite" duration-ms="41574" started-at="2018-08-26T10:03:59Z" finished-at="2018-08-26T10:04:41Z">
    <groups>
    </groups>
    <test name="Default test" duration-ms="41574" started-at="2018-08-26T10:03:59Z" finished-at="2018-08-26T10:04:41Z">
      <class name="pack1.TestTypeAndClick">
        <test-method status="PASS" signature="testGoogle()[pri:0, instance:pack1.TestTypeAndClick@523884b2]" name="testGoogle" duration-ms="41508" started-at="2018-08-26T10:03:59Z" finished-at="2018-08-26T10:04:41Z">
          <reporter-output>
          </reporter-output>
        </test-method> <!-- testGoogle -->
      </class> <!-- pack1.TestTypeAndClick -->
    </test> <!-- Default test -->
  </suite> <!-- Default suite -->
</testng-results>
